<?xml version="1.0" encoding="UTF-8"?>
<!-- Generated by org.testng.reporters.JUnitReportReporter -->
<testsuite skipped="0" hostname="LAPTOP-6DPU4JM3" name="test.LoginTest" tests="1" failures="0" timestamp="2020-10-13T18:12:58 EDT" time="10.135" errors="0">
  <testcase name="validUserShouldBeAbleToLogin" time="10.135" classname="test.LoginTest"/>
  <system-out/>
</testsuite> <!-- test.LoginTest -->
