<?xml version="1.0" encoding="UTF-8"?>
<!-- Generated by org.testng.reporters.JUnitReportReporter -->
<testsuite skipped="0" hostname="LAPTOP-6DPU4JM3" name="test.NewAccTest" tests="1" failures="0" timestamp="2020-10-13T18:55:10 EDT" time="11.822" errors="0">
  <testcase name="OpenANewAccount" time="11.822" classname="test.NewAccTest"/>
  <system-out/>
</testsuite> <!-- test.NewAccTest -->
