<?xml version="1.0" encoding="UTF-8"?>
<!-- Generated by org.testng.reporters.JUnitReportReporter -->
<testsuite skipped="0" hostname="LAPTOP-6DPU4JM3" name="test.AddCustomerTest" tests="1" failures="0" timestamp="2020-10-14T18:00:50 EDT" time="23.922" errors="0">
  <testcase name="validUserShouldBeAbleToAddCustomer" time="23.922" classname="test.AddCustomerTest"/>
  <system-out/>
</testsuite> <!-- test.AddCustomerTest -->
